# JRE version: OpenJDK Runtime Environment (11.0.11+9) (build 11.0.11+9-b60-7590822)
# Java VM: OpenJDK 64-Bit Server VM (11.0.11+9-b60-7590822, mixed mode, tiered, compressed oops, g1 gc, windows-amd64)
Heap:
 garbage-first heap   total 500736K, used 314368K [0x0000000080000000, 0x0000000100000000)
  region size 1024K, 130 young (133120K), 11 survivors (11264K)
 Metaspace       used 140634K, capacity 144326K, committed 144560K, reserved 1175552K
  class space    used 17158K, capacity 18530K, committed 18560K, reserved 1048576K
GC Heap History (20 events):
Event: 5340.257 GC heap before
{Heap before GC invocations=83 (full 0):
 garbage-first heap   total 315392K, used 251365K [0x0000000080000000, 0x0000000100000000)
  region size 1024K, 71 young (72704K), 2 survivors (2048K)
 Metaspace       used 137819K, capacity 141500K, committed 141616K, reserved 1173504K
  class space    used 16988K, capacity 18353K, committed 18432K, reserved 1048576K
}
Event: 5340.265 GC heap after
{Heap after GC invocations=84 (full 0):
 garbage-first heap   total 434176K, used 180135K [0x0000000080000000, 0x0000000100000000)
  region size 1024K, 2 young (2048K), 2 survivors (2048K)
 Metaspace       used 137819K, capacity 141500K, committed 141616K, reserved 1173504K
  class space    used 16988K, capacity 18353K, committed 18432K, reserved 1048576K
}
Event: 5340.630 GC heap before
{Heap before GC invocations=85 (full 0):
 garbage-first heap   total 434176K, used 298919K [0x0000000080000000, 0x0000000100000000)
  region size 1024K, 118 young (120832K), 2 survivors (2048K)
 Metaspace       used 137900K, capacity 141405K, committed 141872K, reserved 1173504K
  class space    used 16923K, capacity 18215K, committed 18432K, reserved 1048576K
}
Event: 5340.633 GC heap after
{Heap after GC invocations=86 (full 0):
 garbage-first heap   total 434176K, used 180355K [0x0000000080000000, 0x0000000100000000)
  region size 1024K, 2 young (2048K), 2 survivors (2048K)
 Metaspace       used 137900K, capacity 141405K, committed 141872K, reserved 1173504K
  class space    used 16923K, capacity 18215K, committed 18432K, reserved 1048576K
}
Event: 5340.871 GC heap before
{Heap before GC invocations=86 (full 0):
 garbage-first heap   total 434176K, used 308355K [0x0000000080000000, 0x0000000100000000)
  region size 1024K, 127 young (130048K), 2 survivors (2048K)
 Metaspace       used 138320K, capacity 141827K, committed 142384K, reserved 1173504K
  class space    used 16936K, capacity 18224K, committed 18432K, reserved 1048576K
}
Event: 5340.874 GC heap after
{Heap after GC invocations=87 (full 0):
 garbage-first heap   total 434176K, used 181802K [0x0000000080000000, 0x0000000100000000)
  region size 1024K, 3 young (3072K), 3 survivors (3072K)
 Metaspace       used 138320K, capacity 141827K, committed 142384K, reserved 1173504K
  class space    used 16936K, capacity 18224K, committed 18432K, reserved 1048576K
}
Event: 5341.132 GC heap before
{Heap before GC invocations=87 (full 0):
 garbage-first heap   total 434176K, used 317994K [0x0000000080000000, 0x0000000100000000)
  region size 1024K, 136 young (139264K), 3 survivors (3072K)
 Metaspace       used 139025K, capacity 142588K, committed 142896K, reserved 1173504K
  class space    used 17021K, capacity 18352K, committed 18432K, reserved 1048576K
}
Event: 5341.144 GC heap after
{Heap after GC invocations=88 (full 0):
 garbage-first heap   total 434176K, used 184744K [0x0000000080000000, 0x0000000100000000)
  region size 1024K, 6 young (6144K), 6 survivors (6144K)
 Metaspace       used 139025K, capacity 142588K, committed 142896K, reserved 1173504K
  class space    used 17021K, capacity 18352K, committed 18432K, reserved 1048576K
}
Event: 5341.371 GC heap before
{Heap before GC invocations=88 (full 0):
 garbage-first heap   total 434176K, used 325032K [0x0000000080000000, 0x0000000100000000)
  region size 1024K, 144 young (147456K), 6 survivors (6144K)
 Metaspace       used 139498K, capacity 143039K, committed 143152K, reserved 1173504K
  class space    used 17045K, capacity 18369K, committed 18432K, reserved 1048576K
}
Event: 5341.375 GC heap after
{Heap after GC invocations=89 (full 0):
 garbage-first heap   total 434176K, used 184139K [0x0000000080000000, 0x0000000100000000)
  region size 1024K, 5 young (5120K), 5 survivors (5120K)
 Metaspace       used 139498K, capacity 143039K, committed 143152K, reserved 1173504K
  class space    used 17045K, capacity 18369K, committed 18432K, reserved 1048576K
}
Event: 5341.543 GC heap before
{Heap before GC invocations=89 (full 0):
 garbage-first heap   total 434176K, used 332619K [0x0000000080000000, 0x0000000100000000)
  region size 1024K, 151 young (154624K), 5 survivors (5120K)
 Metaspace       used 139854K, capacity 143519K, committed 143792K, reserved 1175552K
  class space    used 17070K, capacity 18418K, committed 18560K, reserved 1048576K
}
Event: 5341.549 GC heap after
{Heap after GC invocations=90 (full 0):
 garbage-first heap   total 434176K, used 185100K [0x0000000080000000, 0x0000000100000000)
  region size 1024K, 6 young (6144K), 6 survivors (6144K)
 Metaspace       used 139854K, capacity 143519K, committed 143792K, reserved 1175552K
  class space    used 17070K, capacity 18418K, committed 18560K, reserved 1048576K
}
Event: 5341.712 GC heap before
{Heap before GC invocations=90 (full 0):
 garbage-first heap   total 434176K, used 341772K [0x0000000080000000, 0x0000000100000000)
  region size 1024K, 159 young (162816K), 6 survivors (6144K)
 Metaspace       used 140357K, capacity 144026K, committed 144304K, reserved 1175552K
  class space    used 17131K, capacity 18497K, committed 18560K, reserved 1048576K
}
Event: 5341.722 GC heap after
{Heap after GC invocations=91 (full 0):
 garbage-first heap   total 434176K, used 186544K [0x0000000080000000, 0x0000000100000000)
  region size 1024K, 8 young (8192K), 8 survivors (8192K)
 Metaspace       used 140357K, capacity 144026K, committed 144304K, reserved 1175552K
  class space    used 17131K, capacity 18497K, committed 18560K, reserved 1048576K
}
Event: 5341.856 GC heap before
{Heap before GC invocations=91 (full 0):
 garbage-first heap   total 434176K, used 346288K [0x0000000080000000, 0x0000000100000000)
  region size 1024K, 164 young (167936K), 8 survivors (8192K)
 Metaspace       used 140513K, capacity 144192K, committed 144304K, reserved 1175552K
  class space    used 17158K, capacity 18530K, committed 18560K, reserved 1048576K
}
Event: 5341.865 GC heap after
{Heap after GC invocations=92 (full 0):
 garbage-first heap   total 434176K, used 186392K [0x0000000080000000, 0x0000000100000000)
  region size 1024K, 8 young (8192K), 8 survivors (8192K)
 Metaspace       used 140513K, capacity 144192K, committed 144304K, reserved 1175552K
  class space    used 17158K, capacity 18530K, committed 18560K, reserved 1048576K
}
Event: 5341.998 GC heap before
{Heap before GC invocations=92 (full 0):
 garbage-first heap   total 434176K, used 350232K [0x0000000080000000, 0x0000000100000000)
  region size 1024K, 169 young (173056K), 8 survivors (8192K)
 Metaspace       used 140561K, capacity 144261K, committed 144304K, reserved 1175552K
  class space    used 17158K, capacity 18530K, committed 18560K, reserved 1048576K
}
Event: 5342.009 GC heap after
{Heap after GC invocations=93 (full 0):
 garbage-first heap   total 434176K, used 193355K [0x0000000080000000, 0x0000000100000000)
  region size 1024K, 14 young (14336K), 14 survivors (14336K)
 Metaspace       used 140561K, capacity 144261K, committed 144304K, reserved 1175552K
  class space    used 17158K, capacity 18530K, committed 18560K, reserved 1048576K
}
Event: 5342.140 GC heap before
{Heap before GC invocations=93 (full 0):
 garbage-first heap   total 434176K, used 355147K [0x0000000080000000, 0x0000000100000000)
  region size 1024K, 173 young (177152K), 14 survivors (14336K)
 Metaspace       used 140613K, capacity 144326K, committed 144560K, reserved 1175552K
  class space    used 17158K, capacity 18530K, committed 18560K, reserved 1048576K
}
Event: 5342.154 GC heap after
{Heap after GC invocations=94 (full 0):
 garbage-first heap   total 500736K, used 193536K [0x0000000080000000, 0x0000000100000000)
  region size 1024K, 11 young (11264K), 11 survivors (11264K)
 Metaspace       used 140613K, capacity 144326K, committed 144560K, reserved 1175552K
  class space    used 17158K, capacity 18530K, committed 18560K, reserved 1048576K
}

